<?xml version="1.0" encoding="UTF-8"?>
<testng-results ignored="0" total="1" passed="1" failed="0" skipped="0">
  <reporter-output>
  </reporter-output>
  <suite started-at="2021-08-02T17:56:31Z" name="Default suite" finished-at="2021-08-02T17:56:59Z" duration-ms="28092">
    <groups>
    </groups>
    <test started-at="2021-08-02T17:56:31Z" name="Default test" finished-at="2021-08-02T17:56:59Z" duration-ms="28092">
      <class name="Selenium.Java.AutoFramework.HomeTest">
        <test-method is-config="true" signature="basetup()[pri:0, instance:Selenium.Java.AutoFramework.HomeTest@127a7a2e]" started-at="2021-08-02T17:56:31Z" name="basetup" finished-at="2021-08-02T17:56:31Z" duration-ms="11" status="PASS">
          <reporter-output>
          </reporter-output>
        </test-method> <!-- basetup -->
        <test-method is-config="true" signature="presetup()[pri:0, instance:Selenium.Java.AutoFramework.HomeTest@127a7a2e]" started-at="2021-08-02T17:56:31Z" name="presetup" finished-at="2021-08-02T17:56:43Z" duration-ms="11584" status="PASS">
          <reporter-output>
          </reporter-output>
        </test-method> <!-- presetup -->
        <test-method signature="setup()[pri:0, instance:Selenium.Java.AutoFramework.HomeTest@127a7a2e]" started-at="2021-08-02T17:56:43Z" name="setup" finished-at="2021-08-02T17:56:59Z" duration-ms="16177" status="PASS">
          <reporter-output>
          </reporter-output>
        </test-method> <!-- setup -->
        <test-method is-config="true" signature="teardown()[pri:0, instance:Selenium.Java.AutoFramework.HomeTest@127a7a2e]" started-at="2021-08-02T17:56:59Z" name="teardown" finished-at="2021-08-02T17:56:59Z" duration-ms="291" status="PASS">
          <reporter-output>
          </reporter-output>
        </test-method> <!-- teardown -->
      </class> <!-- Selenium.Java.AutoFramework.HomeTest -->
    </test> <!-- Default test -->
  </suite> <!-- Default suite -->
</testng-results>
